This file contains any messages produced by compilers while
running configure, to aid debugging if configure makes a mistake.

It was created by newlib configure 4.5.0, which was
generated by GNU Autoconf 2.69.  Invocation command line was

  $ /home/slobe/kernel_dev/senob/libc/newlib-4.5.0/newlib/configure --srcdir=../../../newlib-4.5.0/newlib --cache-file=./config.cache --with-newlib --enable-multilib --with-cross-host=x86_64-pc-linux-gnu --prefix=/home/slobe/opt/cross --disable-nls --enable-newlib-io-long-long --enable-newlib-io-c99-formats --enable-newlib-register-fini --program-transform-name=s&^&i686-elf-& --disable-option-checking --with-target-subdir=i686-elf --build=x86_64-pc-linux-gnu --host=i686-elf --target=i686-elf

## --------- ##
## Platform. ##
## --------- ##

hostname = Laptop-Nils
uname -m = x86_64
uname -r = 5.15.167.4-microsoft-standard-WSL2
uname -s = Linux
uname -v = #1 SMP Tue Nov 5 00:21:55 UTC 2024

/usr/bin/uname -p = x86_64
/bin/uname -X     = unknown

/bin/arch              = x86_64
/usr/bin/arch -k       = unknown
/usr/convex/getsysinfo = unknown
/usr/bin/hostinfo      = unknown
/bin/machine           = unknown
/usr/bin/oslevel       = unknown
/bin/universe          = unknown

PATH: /usr/local/sbin
PATH: /usr/local/bin
PATH: /usr/sbin
PATH: /usr/bin
PATH: /sbin
PATH: /bin
PATH: /snap/bin


## ----------- ##
## Core tests. ##
## ----------- ##

configure:2135: creating cache ./config.cache
configure:2639: checking build system type
configure:2653: result: x86_64-pc-linux-gnu
configure:2673: checking host system type
configure:2686: result: i686-pc-elf
configure:2722: checking for a BSD-compatible install
configure:2790: result: /usr/bin/install -c
configure:2801: checking whether build environment is sane
configure:2856: result: yes
configure:2915: checking for i686-elf-strip
configure:2942: result: i686-elf-strip
configure:3007: checking for a thread-safe mkdir -p
configure:3046: result: /usr/bin/mkdir -p
configure:3053: checking for gawk
configure:3080: result: gawk
configure:3091: checking whether make sets $(MAKE)
configure:3113: result: yes
configure:3142: checking whether make supports nested variables
configure:3159: result: yes
configure:3183: checking for style of include used by make
configure:3211: result: GNU
configure:3242: checking for i686-elf-gcc
configure:3269: result: i686-elf-gcc -B/home/slobe/kernel_dev/senob/libc/newlib_build/i686-elf/newlib/ -isystem /home/slobe/kernel_dev/senob/libc/newlib_build/i686-elf/newlib/targ-include -isystem /home/slobe/kernel_dev/senob/libc/newlib-4.5.0/newlib/libc/include -B/home/slobe/kernel_dev/senob/libc/newlib_build/i686-elf/libgloss/i386 -L/home/slobe/kernel_dev/senob/libc/newlib_build/i686-elf/libgloss/libnosys -L/home/slobe/kernel_dev/senob/libc/newlib-4.5.0/libgloss/i386   
configure:3538: checking for C compiler version
configure:3547: i686-elf-gcc -B/home/slobe/kernel_dev/senob/libc/newlib_build/i686-elf/newlib/ -isystem /home/slobe/kernel_dev/senob/libc/newlib_build/i686-elf/newlib/targ-include -isystem /home/slobe/kernel_dev/senob/libc/newlib-4.5.0/newlib/libc/include -B/home/slobe/kernel_dev/senob/libc/newlib_build/i686-elf/libgloss/i386 -L/home/slobe/kernel_dev/senob/libc/newlib_build/i686-elf/libgloss/libnosys -L/home/slobe/kernel_dev/senob/libc/newlib-4.5.0/libgloss/i386    --version >&5
/home/slobe/kernel_dev/senob/libc/newlib-4.5.0/newlib/configure: line 3549: i686-elf-gcc: command not found
configure:3558: $? = 127
configure:3547: i686-elf-gcc -B/home/slobe/kernel_dev/senob/libc/newlib_build/i686-elf/newlib/ -isystem /home/slobe/kernel_dev/senob/libc/newlib_build/i686-elf/newlib/targ-include -isystem /home/slobe/kernel_dev/senob/libc/newlib-4.5.0/newlib/libc/include -B/home/slobe/kernel_dev/senob/libc/newlib_build/i686-elf/libgloss/i386 -L/home/slobe/kernel_dev/senob/libc/newlib_build/i686-elf/libgloss/libnosys -L/home/slobe/kernel_dev/senob/libc/newlib-4.5.0/libgloss/i386    -v >&5
/home/slobe/kernel_dev/senob/libc/newlib-4.5.0/newlib/configure: line 3549: i686-elf-gcc: command not found
configure:3558: $? = 127
configure:3547: i686-elf-gcc -B/home/slobe/kernel_dev/senob/libc/newlib_build/i686-elf/newlib/ -isystem /home/slobe/kernel_dev/senob/libc/newlib_build/i686-elf/newlib/targ-include -isystem /home/slobe/kernel_dev/senob/libc/newlib-4.5.0/newlib/libc/include -B/home/slobe/kernel_dev/senob/libc/newlib_build/i686-elf/libgloss/i386 -L/home/slobe/kernel_dev/senob/libc/newlib_build/i686-elf/libgloss/libnosys -L/home/slobe/kernel_dev/senob/libc/newlib-4.5.0/libgloss/i386    -V >&5
/home/slobe/kernel_dev/senob/libc/newlib-4.5.0/newlib/configure: line 3549: i686-elf-gcc: command not found
configure:3558: $? = 127
configure:3547: i686-elf-gcc -B/home/slobe/kernel_dev/senob/libc/newlib_build/i686-elf/newlib/ -isystem /home/slobe/kernel_dev/senob/libc/newlib_build/i686-elf/newlib/targ-include -isystem /home/slobe/kernel_dev/senob/libc/newlib-4.5.0/newlib/libc/include -B/home/slobe/kernel_dev/senob/libc/newlib_build/i686-elf/libgloss/i386 -L/home/slobe/kernel_dev/senob/libc/newlib_build/i686-elf/libgloss/libnosys -L/home/slobe/kernel_dev/senob/libc/newlib-4.5.0/libgloss/i386    -qversion >&5
/home/slobe/kernel_dev/senob/libc/newlib-4.5.0/newlib/configure: line 3549: i686-elf-gcc: command not found
configure:3558: $? = 127
configure:3578: i686-elf-gcc -B/home/slobe/kernel_dev/senob/libc/newlib_build/i686-elf/newlib/ -isystem /home/slobe/kernel_dev/senob/libc/newlib_build/i686-elf/newlib/targ-include -isystem /home/slobe/kernel_dev/senob/libc/newlib-4.5.0/newlib/libc/include -B/home/slobe/kernel_dev/senob/libc/newlib_build/i686-elf/libgloss/i386 -L/home/slobe/kernel_dev/senob/libc/newlib_build/i686-elf/libgloss/libnosys -L/home/slobe/kernel_dev/senob/libc/newlib-4.5.0/libgloss/i386    -o conftest -g -O2   conftest.c  >&5
/home/slobe/kernel_dev/senob/libc/newlib-4.5.0/newlib/configure: line 3580: i686-elf-gcc: command not found
configure:3582: $? = 127
configure:3795: checking whether we are cross compiling
configure:3833: result: yes
configure:3837: checking for suffix of object files
configure:3859: i686-elf-gcc -B/home/slobe/kernel_dev/senob/libc/newlib_build/i686-elf/newlib/ -isystem /home/slobe/kernel_dev/senob/libc/newlib_build/i686-elf/newlib/targ-include -isystem /home/slobe/kernel_dev/senob/libc/newlib-4.5.0/newlib/libc/include -B/home/slobe/kernel_dev/senob/libc/newlib_build/i686-elf/libgloss/i386 -L/home/slobe/kernel_dev/senob/libc/newlib_build/i686-elf/libgloss/libnosys -L/home/slobe/kernel_dev/senob/libc/newlib-4.5.0/libgloss/i386    -c -g -O2  conftest.c >&5
/home/slobe/kernel_dev/senob/libc/newlib-4.5.0/newlib/configure: line 3861: i686-elf-gcc: command not found
configure:3863: $? = 127
configure: failed program was:
| /* confdefs.h */
| #define PACKAGE_NAME "newlib"
| #define PACKAGE_TARNAME "newlib"
| #define PACKAGE_VERSION "4.5.0"
| #define PACKAGE_STRING "newlib 4.5.0"
| #define PACKAGE_BUGREPORT ""
| #define PACKAGE_URL ""
| /* end confdefs.h.  */
| 
| int
| main ()
| {
| 
|   ;
|   return 0;
| }
configure:3877: error: in `/home/slobe/kernel_dev/senob/libc/newlib_build/i686-elf/newlib':
configure:3879: error: cannot compute suffix of object files: cannot compile
See `config.log' for more details

## ---------------- ##
## Cache variables. ##
## ---------------- ##

ac_cv_build=x86_64-pc-linux-gnu
ac_cv_env_CCASFLAGS_set=
ac_cv_env_CCASFLAGS_value=
ac_cv_env_CCAS_set=
ac_cv_env_CCAS_value=
ac_cv_env_CC_set=set
ac_cv_env_CC_value='i686-elf-gcc -B/home/slobe/kernel_dev/senob/libc/newlib_build/i686-elf/newlib/ -isystem /home/slobe/kernel_dev/senob/libc/newlib_build/i686-elf/newlib/targ-include -isystem /home/slobe/kernel_dev/senob/libc/newlib-4.5.0/newlib/libc/include -B/home/slobe/kernel_dev/senob/libc/newlib_build/i686-elf/libgloss/i386 -L/home/slobe/kernel_dev/senob/libc/newlib_build/i686-elf/libgloss/libnosys -L/home/slobe/kernel_dev/senob/libc/newlib-4.5.0/libgloss/i386   '
ac_cv_env_CFLAGS_set=set
ac_cv_env_CFLAGS_value='-g -O2'
ac_cv_env_CPPFLAGS_set=set
ac_cv_env_CPPFLAGS_value=
ac_cv_env_CPP_set=
ac_cv_env_CPP_value=
ac_cv_env_LDFLAGS_set=set
ac_cv_env_LDFLAGS_value=
ac_cv_env_LIBS_set=
ac_cv_env_LIBS_value=
ac_cv_env_build_alias_set=set
ac_cv_env_build_alias_value=x86_64-pc-linux-gnu
ac_cv_env_host_alias_set=set
ac_cv_env_host_alias_value=i686-elf
ac_cv_env_target_alias_set=set
ac_cv_env_target_alias_value=i686-elf
ac_cv_host=i686-pc-elf
ac_cv_path_mkdir=/usr/bin/mkdir
ac_cv_prog_AWK=gawk
ac_cv_prog_CC='i686-elf-gcc -B/home/slobe/kernel_dev/senob/libc/newlib_build/i686-elf/newlib/ -isystem /home/slobe/kernel_dev/senob/libc/newlib_build/i686-elf/newlib/targ-include -isystem /home/slobe/kernel_dev/senob/libc/newlib-4.5.0/newlib/libc/include -B/home/slobe/kernel_dev/senob/libc/newlib_build/i686-elf/libgloss/i386 -L/home/slobe/kernel_dev/senob/libc/newlib_build/i686-elf/libgloss/libnosys -L/home/slobe/kernel_dev/senob/libc/newlib-4.5.0/libgloss/i386   '
ac_cv_prog_STRIP=i686-elf-strip
ac_cv_prog_make_make_set=yes
am_cv_make_support_nested_variables=yes

## ----------------- ##
## Output variables. ##
## ----------------- ##

ACLOCAL=''
AMDEPBACKSLASH='\'
AMDEP_FALSE='#'
AMDEP_TRUE=''
AMTAR=''
AM_BACKSLASH='\'
AM_DEFAULT_V='$(AM_DEFAULT_VERBOSITY)'
AM_DEFAULT_VERBOSITY='1'
AM_V='$(V)'
AR='i686-elf-ar'
AUTOCONF=''
AUTOHEADER=''
AUTOMAKE=''
AWK='gawk'
CC='i686-elf-gcc -B/home/slobe/kernel_dev/senob/libc/newlib_build/i686-elf/newlib/ -isystem /home/slobe/kernel_dev/senob/libc/newlib_build/i686-elf/newlib/targ-include -isystem /home/slobe/kernel_dev/senob/libc/newlib-4.5.0/newlib/libc/include -B/home/slobe/kernel_dev/senob/libc/newlib_build/i686-elf/libgloss/i386 -L/home/slobe/kernel_dev/senob/libc/newlib_build/i686-elf/libgloss/libnosys -L/home/slobe/kernel_dev/senob/libc/newlib-4.5.0/libgloss/i386   '
CCAS=''
CCASDEPMODE=''
CCASFLAGS=''
CCDEPMODE=''
CC_FOR_BUILD='gcc'
CC_FOR_NEWLIB=''
CFLAGS='-g -O2'
CPP=''
CPPFLAGS=''
CRT0=''
CRT0_DIR=''
CRT1=''
CRT1_DIR=''
CYGPATH_W=''
DEFS=''
DEPDIR='.deps'
ECHO_C=''
ECHO_N='-n'
ECHO_T=''
ELIX_LEVEL_0_FALSE=''
ELIX_LEVEL_0_TRUE=''
ELIX_LEVEL_1_FALSE=''
ELIX_LEVEL_1_TRUE=''
ELIX_LEVEL_2_FALSE=''
ELIX_LEVEL_2_TRUE=''
ELIX_LEVEL_3_FALSE=''
ELIX_LEVEL_3_TRUE=''
ELIX_LEVEL_4_FALSE=''
ELIX_LEVEL_4_TRUE=''
ENABLE_NEWLIB_ICONV_FALSE=''
ENABLE_NEWLIB_ICONV_TRUE=''
EXEEXT=''
EXEEXT_FOR_BUILD=''
HAS_NDS32_FPU_DP_FALSE=''
HAS_NDS32_FPU_DP_TRUE=''
HAS_NDS32_FPU_SP_FALSE=''
HAS_NDS32_FPU_SP_TRUE=''
HAVE_CRT0_FALSE=''
HAVE_CRT0_TRUE=''
HAVE_DOC_FALSE=''
HAVE_DOC_TRUE=''
HAVE_FPMATH_H_FALSE=''
HAVE_FPMATH_H_TRUE=''
HAVE_LIBC_MACHINE_AARCH64_FALSE=''
HAVE_LIBC_MACHINE_AARCH64_TRUE=''
HAVE_LIBC_MACHINE_AMDGCN_FALSE=''
HAVE_LIBC_MACHINE_AMDGCN_TRUE=''
HAVE_LIBC_MACHINE_ARC64_FALSE=''
HAVE_LIBC_MACHINE_ARC64_TRUE=''
HAVE_LIBC_MACHINE_ARC_FALSE=''
HAVE_LIBC_MACHINE_ARC_TRUE=''
HAVE_LIBC_MACHINE_ARM_FALSE=''
HAVE_LIBC_MACHINE_ARM_TRUE=''
HAVE_LIBC_MACHINE_BFIN_FALSE=''
HAVE_LIBC_MACHINE_BFIN_TRUE=''
HAVE_LIBC_MACHINE_CR16_FALSE=''
HAVE_LIBC_MACHINE_CR16_TRUE=''
HAVE_LIBC_MACHINE_CRIS_FALSE=''
HAVE_LIBC_MACHINE_CRIS_TRUE=''
HAVE_LIBC_MACHINE_CRX_FALSE=''
HAVE_LIBC_MACHINE_CRX_TRUE=''
HAVE_LIBC_MACHINE_CSKY_FALSE=''
HAVE_LIBC_MACHINE_CSKY_TRUE=''
HAVE_LIBC_MACHINE_D10V_FALSE=''
HAVE_LIBC_MACHINE_D10V_TRUE=''
HAVE_LIBC_MACHINE_D30V_FALSE=''
HAVE_LIBC_MACHINE_D30V_TRUE=''
HAVE_LIBC_MACHINE_EPIPHANY_FALSE=''
HAVE_LIBC_MACHINE_EPIPHANY_TRUE=''
HAVE_LIBC_MACHINE_FR30_FALSE=''
HAVE_LIBC_MACHINE_FR30_TRUE=''
HAVE_LIBC_MACHINE_FRV_FALSE=''
HAVE_LIBC_MACHINE_FRV_TRUE=''
HAVE_LIBC_MACHINE_FT32_FALSE=''
HAVE_LIBC_MACHINE_FT32_TRUE=''
HAVE_LIBC_MACHINE_H8300_FALSE=''
HAVE_LIBC_MACHINE_H8300_TRUE=''
HAVE_LIBC_MACHINE_H8500_FALSE=''
HAVE_LIBC_MACHINE_H8500_TRUE=''
HAVE_LIBC_MACHINE_HPPA_FALSE=''
HAVE_LIBC_MACHINE_HPPA_TRUE=''
HAVE_LIBC_MACHINE_I386_FALSE=''
HAVE_LIBC_MACHINE_I386_TRUE=''
HAVE_LIBC_MACHINE_I960_FALSE=''
HAVE_LIBC_MACHINE_I960_TRUE=''
HAVE_LIBC_MACHINE_IQ2000_FALSE=''
HAVE_LIBC_MACHINE_IQ2000_TRUE=''
HAVE_LIBC_MACHINE_LM32_FALSE=''
HAVE_LIBC_MACHINE_LM32_TRUE=''
HAVE_LIBC_MACHINE_M32C_FALSE=''
HAVE_LIBC_MACHINE_M32C_TRUE=''
HAVE_LIBC_MACHINE_M32R_FALSE=''
HAVE_LIBC_MACHINE_M32R_TRUE=''
HAVE_LIBC_MACHINE_M68HC11_FALSE=''
HAVE_LIBC_MACHINE_M68HC11_TRUE=''
HAVE_LIBC_MACHINE_M68K_FALSE=''
HAVE_LIBC_MACHINE_M68K_TRUE=''
HAVE_LIBC_MACHINE_M88K_FALSE=''
HAVE_LIBC_MACHINE_M88K_TRUE=''
HAVE_LIBC_MACHINE_MEP_FALSE=''
HAVE_LIBC_MACHINE_MEP_TRUE=''
HAVE_LIBC_MACHINE_MICROBLAZE_FALSE=''
HAVE_LIBC_MACHINE_MICROBLAZE_TRUE=''
HAVE_LIBC_MACHINE_MIPS_FALSE=''
HAVE_LIBC_MACHINE_MIPS_TRUE=''
HAVE_LIBC_MACHINE_MN10200_FALSE=''
HAVE_LIBC_MACHINE_MN10200_TRUE=''
HAVE_LIBC_MACHINE_MN10300_FALSE=''
HAVE_LIBC_MACHINE_MN10300_TRUE=''
HAVE_LIBC_MACHINE_MOXIE_FALSE=''
HAVE_LIBC_MACHINE_MOXIE_TRUE=''
HAVE_LIBC_MACHINE_MSP430_FALSE=''
HAVE_LIBC_MACHINE_MSP430_TRUE=''
HAVE_LIBC_MACHINE_MT_FALSE=''
HAVE_LIBC_MACHINE_MT_TRUE=''
HAVE_LIBC_MACHINE_NDS32_FALSE=''
HAVE_LIBC_MACHINE_NDS32_TRUE=''
HAVE_LIBC_MACHINE_NECV70_FALSE=''
HAVE_LIBC_MACHINE_NECV70_TRUE=''
HAVE_LIBC_MACHINE_NIOS2_FALSE=''
HAVE_LIBC_MACHINE_NIOS2_TRUE=''
HAVE_LIBC_MACHINE_NVPTX_FALSE=''
HAVE_LIBC_MACHINE_NVPTX_TRUE=''
HAVE_LIBC_MACHINE_OR1K_FALSE=''
HAVE_LIBC_MACHINE_OR1K_TRUE=''
HAVE_LIBC_MACHINE_POWERPC_FALSE=''
HAVE_LIBC_MACHINE_POWERPC_TRUE=''
HAVE_LIBC_MACHINE_PRU_FALSE=''
HAVE_LIBC_MACHINE_PRU_TRUE=''
HAVE_LIBC_MACHINE_RISCV_FALSE=''
HAVE_LIBC_MACHINE_RISCV_TRUE=''
HAVE_LIBC_MACHINE_RL78_FALSE=''
HAVE_LIBC_MACHINE_RL78_TRUE=''
HAVE_LIBC_MACHINE_RX_FALSE=''
HAVE_LIBC_MACHINE_RX_TRUE=''
HAVE_LIBC_MACHINE_SH_FALSE=''
HAVE_LIBC_MACHINE_SH_TRUE=''
HAVE_LIBC_MACHINE_SPARC_FALSE=''
HAVE_LIBC_MACHINE_SPARC_TRUE=''
HAVE_LIBC_MACHINE_SPU_FALSE=''
HAVE_LIBC_MACHINE_SPU_TRUE=''
HAVE_LIBC_MACHINE_TIC4X_FALSE=''
HAVE_LIBC_MACHINE_TIC4X_TRUE=''
HAVE_LIBC_MACHINE_TIC6X_FALSE=''
HAVE_LIBC_MACHINE_TIC6X_TRUE=''
HAVE_LIBC_MACHINE_TIC80_FALSE=''
HAVE_LIBC_MACHINE_TIC80_TRUE=''
HAVE_LIBC_MACHINE_V850_FALSE=''
HAVE_LIBC_MACHINE_V850_TRUE=''
HAVE_LIBC_MACHINE_VISIUM_FALSE=''
HAVE_LIBC_MACHINE_VISIUM_TRUE=''
HAVE_LIBC_MACHINE_W65_FALSE=''
HAVE_LIBC_MACHINE_W65_TRUE=''
HAVE_LIBC_MACHINE_X86_64_FALSE=''
HAVE_LIBC_MACHINE_X86_64_TRUE=''
HAVE_LIBC_MACHINE_XC16X_FALSE=''
HAVE_LIBC_MACHINE_XC16X_TRUE=''
HAVE_LIBC_MACHINE_XSTORMY16_FALSE=''
HAVE_LIBC_MACHINE_XSTORMY16_TRUE=''
HAVE_LIBC_MACHINE_XTENSA_FALSE=''
HAVE_LIBC_MACHINE_XTENSA_TRUE=''
HAVE_LIBC_MACHINE_Z8K_FALSE=''
HAVE_LIBC_MACHINE_Z8K_TRUE=''
HAVE_LIBC_SYS_A29KHIF_DIR_FALSE=''
HAVE_LIBC_SYS_A29KHIF_DIR_TRUE=''
HAVE_LIBC_SYS_AMDGCN_DIR_FALSE=''
HAVE_LIBC_SYS_AMDGCN_DIR_TRUE=''
HAVE_LIBC_SYS_ARM_DIR_FALSE=''
HAVE_LIBC_SYS_ARM_DIR_TRUE=''
HAVE_LIBC_SYS_D10V_DIR_FALSE=''
HAVE_LIBC_SYS_D10V_DIR_TRUE=''
HAVE_LIBC_SYS_EPIPHANY_DIR_FALSE=''
HAVE_LIBC_SYS_EPIPHANY_DIR_TRUE=''
HAVE_LIBC_SYS_H8300HMS_DIR_FALSE=''
HAVE_LIBC_SYS_H8300HMS_DIR_TRUE=''
HAVE_LIBC_SYS_H8500HMS_DIR_FALSE=''
HAVE_LIBC_SYS_H8500HMS_DIR_TRUE=''
HAVE_LIBC_SYS_M88KBUG_DIR_FALSE=''
HAVE_LIBC_SYS_M88KBUG_DIR_TRUE=''
HAVE_LIBC_SYS_MMIXWARE_DIR_FALSE=''
HAVE_LIBC_SYS_MMIXWARE_DIR_TRUE=''
HAVE_LIBC_SYS_NETWARE_DIR_FALSE=''
HAVE_LIBC_SYS_NETWARE_DIR_TRUE=''
HAVE_LIBC_SYS_OR1K_DIR_FALSE=''
HAVE_LIBC_SYS_OR1K_DIR_TRUE=''
HAVE_LIBC_SYS_RDOS_DIR_FALSE=''
HAVE_LIBC_SYS_RDOS_DIR_TRUE=''
HAVE_LIBC_SYS_RTEMS_DIR_FALSE=''
HAVE_LIBC_SYS_RTEMS_DIR_TRUE=''
HAVE_LIBC_SYS_SH_DIR_FALSE=''
HAVE_LIBC_SYS_SH_DIR_TRUE=''
HAVE_LIBC_SYS_SYSMEC_DIR_FALSE=''
HAVE_LIBC_SYS_SYSMEC_DIR_TRUE=''
HAVE_LIBC_SYS_SYSNEC810_DIR_FALSE=''
HAVE_LIBC_SYS_SYSNEC810_DIR_TRUE=''
HAVE_LIBC_SYS_SYSNECV850_DIR_FALSE=''
HAVE_LIBC_SYS_SYSNECV850_DIR_TRUE=''
HAVE_LIBC_SYS_SYSVI386_DIR_FALSE=''
HAVE_LIBC_SYS_SYSVI386_DIR_TRUE=''
HAVE_LIBC_SYS_SYSVNECV70_DIR_FALSE=''
HAVE_LIBC_SYS_SYSVNECV70_DIR_TRUE=''
HAVE_LIBC_SYS_TIC80_DIR_FALSE=''
HAVE_LIBC_SYS_TIC80_DIR_TRUE=''
HAVE_LIBC_SYS_TIRTOS_DIR_FALSE=''
HAVE_LIBC_SYS_TIRTOS_DIR_TRUE=''
HAVE_LIBC_SYS_W65_DIR_FALSE=''
HAVE_LIBC_SYS_W65_DIR_TRUE=''
HAVE_LIBC_SYS_Z8KSIM_DIR_FALSE=''
HAVE_LIBC_SYS_Z8KSIM_DIR_TRUE=''
HAVE_LIBM_MACHINE_AARCH64_FALSE=''
HAVE_LIBM_MACHINE_AARCH64_TRUE=''
HAVE_LIBM_MACHINE_AMDGCN_FALSE=''
HAVE_LIBM_MACHINE_AMDGCN_TRUE=''
HAVE_LIBM_MACHINE_ARM_FALSE=''
HAVE_LIBM_MACHINE_ARM_TRUE=''
HAVE_LIBM_MACHINE_I386_FALSE=''
HAVE_LIBM_MACHINE_I386_TRUE=''
HAVE_LIBM_MACHINE_MIPS_FALSE=''
HAVE_LIBM_MACHINE_MIPS_TRUE=''
HAVE_LIBM_MACHINE_NDS32_FALSE=''
HAVE_LIBM_MACHINE_NDS32_TRUE=''
HAVE_LIBM_MACHINE_POWERPC_FALSE=''
HAVE_LIBM_MACHINE_POWERPC_TRUE=''
HAVE_LIBM_MACHINE_PRU_FALSE=''
HAVE_LIBM_MACHINE_PRU_TRUE=''
HAVE_LIBM_MACHINE_RISCV_FALSE=''
HAVE_LIBM_MACHINE_RISCV_TRUE=''
HAVE_LIBM_MACHINE_SPARC_FALSE=''
HAVE_LIBM_MACHINE_SPARC_TRUE=''
HAVE_LIBM_MACHINE_SPU_FALSE=''
HAVE_LIBM_MACHINE_SPU_TRUE=''
HAVE_LIBM_MACHINE_X86_64_FALSE=''
HAVE_LIBM_MACHINE_X86_64_TRUE=''
HAVE_LIBM_MACHINE_XTENSA_FALSE=''
HAVE_LIBM_MACHINE_XTENSA_TRUE=''
HAVE_LONG_DOUBLE_FALSE=''
HAVE_LONG_DOUBLE_TRUE=''
HAVE_MULTISUBDIR_FALSE=''
HAVE_MULTISUBDIR_TRUE=''
HAVE_POSIX_DIR_FALSE=''
HAVE_POSIX_DIR_TRUE=''
HAVE_POWERPC_ALTIVEC_FALSE=''
HAVE_POWERPC_ALTIVEC_TRUE=''
HAVE_POWERPC_SPE_FALSE=''
HAVE_POWERPC_SPE_TRUE=''
HAVE_SIGNAL_DIR_FALSE=''
HAVE_SIGNAL_DIR_TRUE=''
HAVE_SPU_EA_FALSE=''
HAVE_SPU_EA_TRUE=''
HAVE_STDIO64_DIR_FALSE=''
HAVE_STDIO64_DIR_TRUE=''
HAVE_STDIO_DIR_FALSE=''
HAVE_STDIO_DIR_TRUE=''
HAVE_SYSCALL_DIR_FALSE=''
HAVE_SYSCALL_DIR_TRUE=''
HAVE_UNIX_DIR_FALSE=''
HAVE_UNIX_DIR_TRUE=''
HAVE_XDR_DIR_FALSE=''
HAVE_XDR_DIR_TRUE=''
INSTALL_DATA='/usr/bin/install -c -m 644'
INSTALL_PROGRAM='/usr/bin/install -c'
INSTALL_SCRIPT='/usr/bin/install -c'
INSTALL_STRIP_PROGRAM='$(install_sh) -c -s'
IS_NDS32_ISA_V3M_FALSE=''
IS_NDS32_ISA_V3M_TRUE=''
LDFLAGS=''
LIBOBJS=''
LIBS=''
LTLIBOBJS=''
MACH_ADD_SETJMP_FALSE=''
MACH_ADD_SETJMP_TRUE=''
MAINT=''
MAINTAINER_MODE_FALSE=''
MAINTAINER_MODE_TRUE=''
MAKEINFO='makeinfo --split-size=5000000'
MAY_SUPPLY_SYSCALLS_FALSE=''
MAY_SUPPLY_SYSCALLS_TRUE=''
MKDIR_P='/usr/bin/mkdir -p'
NEWLIB_CFLAGS=''
NEWLIB_HW_FP_FALSE=''
NEWLIB_HW_FP_TRUE=''
NEWLIB_MAJOR_VERSION=''
NEWLIB_MINOR_VERSION=''
NEWLIB_NANO_FORMATTED_IO_FALSE=''
NEWLIB_NANO_FORMATTED_IO_TRUE='#'
NEWLIB_NANO_MALLOC_FALSE=''
NEWLIB_NANO_MALLOC_TRUE='#'
NEWLIB_PATCHLEVEL_VERSION=''
NEWLIB_RETARGETABLE_LOCKING_FALSE=''
NEWLIB_RETARGETABLE_LOCKING_TRUE='#'
NEWLIB_VERSION=''
NO_INCLUDE_LIST=''
OBJEXT=''
PACKAGE=''
PACKAGE_BUGREPORT=''
PACKAGE_NAME='newlib'
PACKAGE_STRING='newlib 4.5.0'
PACKAGE_TARNAME='newlib'
PACKAGE_URL=''
PACKAGE_VERSION='4.5.0'
PATH_SEPARATOR=':'
RANLIB='i686-elf-ranlib'
READELF='i686-elf-readelf'
SET_MAKE=''
SH64_FALSE=''
SH64_TRUE=''
SHELL='/bin/bash'
STRIP='i686-elf-strip'
VERSION=''
XTENSA_ESP32_PSRAM_CACHE_FIX_FALSE=''
XTENSA_ESP32_PSRAM_CACHE_FIX_TRUE=''
XTENSA_XCHAL_HAVE_FP_SQRT_FALSE=''
XTENSA_XCHAL_HAVE_FP_SQRT_TRUE=''
abs_newlib_basedir=''
ac_ct_AR=''
ac_ct_CC=''
am__EXEEXT_FALSE=''
am__EXEEXT_TRUE=''
am__fastdepCCAS_FALSE=''
am__fastdepCCAS_TRUE=''
am__fastdepCC_FALSE=''
am__fastdepCC_TRUE=''
am__include='include'
am__isrc=''
am__leading_dot='.'
am__nodep='_no'
am__quote=''
am__tar=''
am__untar=''
bindir='${exec_prefix}/bin'
build='x86_64-pc-linux-gnu'
build_alias='x86_64-pc-linux-gnu'
build_cpu='x86_64'
build_os='linux-gnu'
build_vendor='pc'
datadir='${datarootdir}'
datarootdir='${prefix}/share'
docdir='${datarootdir}/doc/${PACKAGE_TARNAME}'
dvidir='${docdir}'
exec_prefix='NONE'
host='i686-pc-elf'
host_alias='i686-elf'
host_cpu='i686'
host_os='elf'
host_vendor='pc'
htmldir='${docdir}'
includedir='${prefix}/include'
infodir='${datarootdir}/info'
install_sh='${SHELL} /home/slobe/kernel_dev/senob/libc/newlib-4.5.0/install-sh'
libdir='${exec_prefix}/lib'
libexecdir='${exec_prefix}/libexec'
libm_machine_dir=''
localedir='${datarootdir}/locale'
localstatedir='${prefix}/var'
lpfx=''
machine_dir=''
mandir='${datarootdir}/man'
mkdir_p=''
multi_basedir='../../../newlib-4.5.0/newlib/..'
newlib_basedir=''
oldincludedir='/usr/include'
pdfdir='${docdir}'
prefix='/home/slobe/opt/cross'
program_transform_name='s&^&i686-elf-&'
psdir='${docdir}'
sbindir='${exec_prefix}/sbin'
shared_machine_dir=''
sharedstatedir='${prefix}/com'
sys_dir=''
sysconfdir='${prefix}/etc'
target_alias='i686-elf'

## ----------- ##
## confdefs.h. ##
## ----------- ##

/* confdefs.h */
#define PACKAGE_NAME "newlib"
#define PACKAGE_TARNAME "newlib"
#define PACKAGE_VERSION "4.5.0"
#define PACKAGE_STRING "newlib 4.5.0"
#define PACKAGE_BUGREPORT ""
#define PACKAGE_URL ""

configure: exit 1
