This file contains any messages produced by compilers while
running configure, to aid debugging if configure makes a mistake.

It was created by libgloss configure LIBGLOSS_VERSION, which was
generated by GNU Autoconf 2.69.  Invocation command line was

  $ /home/slobe/senob/libc/newlib-4.5.0/libgloss/configure --srcdir=../../../newlib-4.5.0/libgloss --cache-file=./config.cache --with-newlib --enable-multilib --with-cross-host=x86_64-pc-linux-gnu --prefix=/home/slobe/opt/cross --disable-nls --enable-newlib-io-c99-formats --enable-newlib-io-long-long --enable-newlib-register-fini --program-transform-name=s&^&i686-elf-& --disable-option-checking --with-target-subdir=i686-elf --build=x86_64-pc-linux-gnu --host=i686-elf --target=i686-elf

## --------- ##
## Platform. ##
## --------- ##

hostname = Desktop-Nils
uname -m = x86_64
uname -r = 5.15.167.4-microsoft-standard-WSL2
uname -s = Linux
uname -v = #1 SMP Tue Nov 5 00:21:55 UTC 2024

/usr/bin/uname -p = x86_64
/bin/uname -X     = unknown

/bin/arch              = x86_64
/usr/bin/arch -k       = unknown
/usr/convex/getsysinfo = unknown
/usr/bin/hostinfo      = unknown
/bin/machine           = unknown
/usr/bin/oslevel       = unknown
/bin/universe          = unknown

PATH: /home/slobe/opt/cross/bin
PATH: /usr/local/sbin
PATH: /usr/local/bin
PATH: /usr/sbin
PATH: /usr/bin
PATH: /sbin
PATH: /bin
PATH: /usr/games
PATH: /usr/local/games
PATH: /usr/lib/wsl/lib
PATH: /mnt/c/WINDOWS/system32
PATH: /mnt/c/WINDOWS
PATH: /mnt/c/WINDOWS/System32/Wbem
PATH: /mnt/c/WINDOWS/System32/WindowsPowerShell/v1.0/
PATH: /mnt/c/WINDOWS/System32/OpenSSH/
PATH: /mnt/c/Program Files/Git/cmd
PATH: /mnt/c/mingw-w64/i686-8.1.0-posix-dwarf-rt_v6-rev0/mingw32/bin
PATH: /mnt/c/Program Files (x86)/NVIDIA Corporation/PhysX/Common
PATH: /mnt/c/Program Files/WireGuard/
PATH: /mnt/c/Program Files/PuTTY/
PATH: /mnt/c/Program Files/NVIDIA Corporation/NVIDIA app/NvDLISR
PATH: /mnt/c/Users/nilsb/AppData/Local/Microsoft/WindowsApps
PATH: /mnt/c/Users/nilsb/AppData/Local/Programs/Microsoft VS Code/bin
PATH: /mnt/c/mingw-w64/i686-8.1.0-posix-dwarf-rt_v6-rev0/mingw32/bin
PATH: /snap/bin


## ----------- ##
## Core tests. ##
## ----------- ##

configure:1915: creating cache ./config.cache
configure:2063: checking for a BSD-compatible install
configure:2131: result: /usr/bin/install -c
configure:2147: checking build system type
configure:2161: result: x86_64-pc-linux-gnu
configure:2181: checking host system type
configure:2194: result: i686-pc-elf
configure:2214: checking target system type
configure:2227: result: i686-pc-elf
configure:2256: checking whether build environment is sane
configure:2311: result: yes
configure:2370: checking for i686-elf-strip
configure:2397: result: i686-elf-strip
configure:2462: checking for a thread-safe mkdir -p
configure:2501: result: /usr/bin/mkdir -p
configure:2508: checking for gawk
configure:2535: result: gawk
configure:2546: checking whether make sets $(MAKE)
configure:2568: result: yes
configure:2597: checking whether make supports nested variables
configure:2614: result: yes
configure:2732: checking whether to enable maintainer-specific portions of Makefiles
configure:2741: result: no
configure:2765: checking whether make supports nested variables
configure:2782: result: yes
configure:3330: checking for i686-elf-gcc
configure:3357: result: i686-elf-gcc -B/home/slobe/senob/libc/build-newlib/i686-elf/newlib/ -isystem /home/slobe/senob/libc/build-newlib/i686-elf/newlib/targ-include -isystem /home/slobe/senob/libc/newlib-4.5.0/newlib/libc/include -B/home/slobe/senob/libc/build-newlib/i686-elf/libgloss/i386 -L/home/slobe/senob/libc/build-newlib/i686-elf/libgloss/libnosys -L/home/slobe/senob/libc/newlib-4.5.0/libgloss/i386   
configure:3626: checking for C compiler version
configure:3635: i686-elf-gcc -B/home/slobe/senob/libc/build-newlib/i686-elf/newlib/ -isystem /home/slobe/senob/libc/build-newlib/i686-elf/newlib/targ-include -isystem /home/slobe/senob/libc/newlib-4.5.0/newlib/libc/include -B/home/slobe/senob/libc/build-newlib/i686-elf/libgloss/i386 -L/home/slobe/senob/libc/build-newlib/i686-elf/libgloss/libnosys -L/home/slobe/senob/libc/newlib-4.5.0/libgloss/i386    --version >&5
i686-elf-gcc (GCC) 14.2.0
Copyright (C) 2024 Free Software Foundation, Inc.
This is free software; see the source for copying conditions.  There is NO
warranty; not even for MERCHANTABILITY or FITNESS FOR A PARTICULAR PURPOSE.

configure:3646: $? = 0
configure:3635: i686-elf-gcc -B/home/slobe/senob/libc/build-newlib/i686-elf/newlib/ -isystem /home/slobe/senob/libc/build-newlib/i686-elf/newlib/targ-include -isystem /home/slobe/senob/libc/newlib-4.5.0/newlib/libc/include -B/home/slobe/senob/libc/build-newlib/i686-elf/libgloss/i386 -L/home/slobe/senob/libc/build-newlib/i686-elf/libgloss/libnosys -L/home/slobe/senob/libc/newlib-4.5.0/libgloss/i386    -v >&5
Using built-in specs.
COLLECT_GCC=i686-elf-gcc
COLLECT_LTO_WRAPPER=/home/slobe/opt/cross/libexec/gcc/i686-elf/14.2.0/lto-wrapper
Target: i686-elf
Configured with: ../gcc-14.2.0/configure --target=i686-elf --prefix=/home/slobe/opt/cross --disable-nls --enable-languages=c,c++ --without-headers --disable-hosted-libstdcxx --disable-shared --disable-multilib
Thread model: single
Supported LTO compression algorithms: zlib
gcc version 14.2.0 (GCC) 
configure:3646: $? = 0
configure:3635: i686-elf-gcc -B/home/slobe/senob/libc/build-newlib/i686-elf/newlib/ -isystem /home/slobe/senob/libc/build-newlib/i686-elf/newlib/targ-include -isystem /home/slobe/senob/libc/newlib-4.5.0/newlib/libc/include -B/home/slobe/senob/libc/build-newlib/i686-elf/libgloss/i386 -L/home/slobe/senob/libc/build-newlib/i686-elf/libgloss/libnosys -L/home/slobe/senob/libc/newlib-4.5.0/libgloss/i386    -V >&5
i686-elf-gcc: error: unrecognized command-line option '-V'
i686-elf-gcc: fatal error: no input files
compilation terminated.
configure:3646: $? = 1
configure:3635: i686-elf-gcc -B/home/slobe/senob/libc/build-newlib/i686-elf/newlib/ -isystem /home/slobe/senob/libc/build-newlib/i686-elf/newlib/targ-include -isystem /home/slobe/senob/libc/newlib-4.5.0/newlib/libc/include -B/home/slobe/senob/libc/build-newlib/i686-elf/libgloss/i386 -L/home/slobe/senob/libc/build-newlib/i686-elf/libgloss/libnosys -L/home/slobe/senob/libc/newlib-4.5.0/libgloss/i386    -qversion >&5
i686-elf-gcc: error: unrecognized command-line option '-qversion'; did you mean '--version'?
i686-elf-gcc: fatal error: no input files
compilation terminated.
configure:3646: $? = 1
configure:3666: i686-elf-gcc -B/home/slobe/senob/libc/build-newlib/i686-elf/newlib/ -isystem /home/slobe/senob/libc/build-newlib/i686-elf/newlib/targ-include -isystem /home/slobe/senob/libc/newlib-4.5.0/newlib/libc/include -B/home/slobe/senob/libc/build-newlib/i686-elf/libgloss/i386 -L/home/slobe/senob/libc/build-newlib/i686-elf/libgloss/libnosys -L/home/slobe/senob/libc/newlib-4.5.0/libgloss/i386    -o conftest -g -O2   conftest.c  >&5
/home/slobe/opt/cross/lib/gcc/i686-elf/14.2.0/../../../../i686-elf/bin/ld: cannot find crt0.o: No such file or directory
/home/slobe/opt/cross/lib/gcc/i686-elf/14.2.0/../../../../i686-elf/bin/ld: cannot find -lg: No such file or directory
/home/slobe/opt/cross/lib/gcc/i686-elf/14.2.0/../../../../i686-elf/bin/ld: cannot find -lc: No such file or directory
collect2: error: ld returned 1 exit status
configure:3670: $? = 1
configure:3883: checking whether we are cross compiling
configure:3921: result: yes
configure:3925: checking for suffix of object files
configure:3947: i686-elf-gcc -B/home/slobe/senob/libc/build-newlib/i686-elf/newlib/ -isystem /home/slobe/senob/libc/build-newlib/i686-elf/newlib/targ-include -isystem /home/slobe/senob/libc/newlib-4.5.0/newlib/libc/include -B/home/slobe/senob/libc/build-newlib/i686-elf/libgloss/i386 -L/home/slobe/senob/libc/build-newlib/i686-elf/libgloss/libnosys -L/home/slobe/senob/libc/newlib-4.5.0/libgloss/i386    -c -g -O2  conftest.c >&5
configure:3951: $? = 0
configure:3972: result: o
configure:3976: checking whether we are using the GNU C compiler
configure:3995: i686-elf-gcc -B/home/slobe/senob/libc/build-newlib/i686-elf/newlib/ -isystem /home/slobe/senob/libc/build-newlib/i686-elf/newlib/targ-include -isystem /home/slobe/senob/libc/newlib-4.5.0/newlib/libc/include -B/home/slobe/senob/libc/build-newlib/i686-elf/libgloss/i386 -L/home/slobe/senob/libc/build-newlib/i686-elf/libgloss/libnosys -L/home/slobe/senob/libc/newlib-4.5.0/libgloss/i386    -c -g -O2  conftest.c >&5
configure:3995: $? = 0
configure:4004: result: yes
configure:4013: checking whether i686-elf-gcc -B/home/slobe/senob/libc/build-newlib/i686-elf/newlib/ -isystem /home/slobe/senob/libc/build-newlib/i686-elf/newlib/targ-include -isystem /home/slobe/senob/libc/newlib-4.5.0/newlib/libc/include -B/home/slobe/senob/libc/build-newlib/i686-elf/libgloss/i386 -L/home/slobe/senob/libc/build-newlib/i686-elf/libgloss/libnosys -L/home/slobe/senob/libc/newlib-4.5.0/libgloss/i386    accepts -g
configure:4033: i686-elf-gcc -B/home/slobe/senob/libc/build-newlib/i686-elf/newlib/ -isystem /home/slobe/senob/libc/build-newlib/i686-elf/newlib/targ-include -isystem /home/slobe/senob/libc/newlib-4.5.0/newlib/libc/include -B/home/slobe/senob/libc/build-newlib/i686-elf/libgloss/i386 -L/home/slobe/senob/libc/build-newlib/i686-elf/libgloss/libnosys -L/home/slobe/senob/libc/newlib-4.5.0/libgloss/i386    -c -g  conftest.c >&5
configure:4033: $? = 0
configure:4074: result: yes
configure:4091: checking for i686-elf-gcc -B/home/slobe/senob/libc/build-newlib/i686-elf/newlib/ -isystem /home/slobe/senob/libc/build-newlib/i686-elf/newlib/targ-include -isystem /home/slobe/senob/libc/newlib-4.5.0/newlib/libc/include -B/home/slobe/senob/libc/build-newlib/i686-elf/libgloss/i386 -L/home/slobe/senob/libc/build-newlib/i686-elf/libgloss/libnosys -L/home/slobe/senob/libc/newlib-4.5.0/libgloss/i386    option to accept ISO C89
configure:4154: i686-elf-gcc -B/home/slobe/senob/libc/build-newlib/i686-elf/newlib/ -isystem /home/slobe/senob/libc/build-newlib/i686-elf/newlib/targ-include -isystem /home/slobe/senob/libc/newlib-4.5.0/newlib/libc/include -B/home/slobe/senob/libc/build-newlib/i686-elf/libgloss/i386 -L/home/slobe/senob/libc/build-newlib/i686-elf/libgloss/libnosys -L/home/slobe/senob/libc/newlib-4.5.0/libgloss/i386     -c -g -O2  conftest.c >&5
configure:4154: $? = 0
configure:4167: result: none needed
configure:4192: checking whether i686-elf-gcc -B/home/slobe/senob/libc/build-newlib/i686-elf/newlib/ -isystem /home/slobe/senob/libc/build-newlib/i686-elf/newlib/targ-include -isystem /home/slobe/senob/libc/newlib-4.5.0/newlib/libc/include -B/home/slobe/senob/libc/build-newlib/i686-elf/libgloss/i386 -L/home/slobe/senob/libc/build-newlib/i686-elf/libgloss/libnosys -L/home/slobe/senob/libc/newlib-4.5.0/libgloss/i386    understands -c and -o together
configure:4214: i686-elf-gcc -B/home/slobe/senob/libc/build-newlib/i686-elf/newlib/ -isystem /home/slobe/senob/libc/build-newlib/i686-elf/newlib/targ-include -isystem /home/slobe/senob/libc/newlib-4.5.0/newlib/libc/include -B/home/slobe/senob/libc/build-newlib/i686-elf/libgloss/i386 -L/home/slobe/senob/libc/build-newlib/i686-elf/libgloss/libnosys -L/home/slobe/senob/libc/newlib-4.5.0/libgloss/i386    -c conftest.c -o conftest2.o
configure:4217: $? = 0
configure:4214: i686-elf-gcc -B/home/slobe/senob/libc/build-newlib/i686-elf/newlib/ -isystem /home/slobe/senob/libc/build-newlib/i686-elf/newlib/targ-include -isystem /home/slobe/senob/libc/newlib-4.5.0/newlib/libc/include -B/home/slobe/senob/libc/build-newlib/i686-elf/libgloss/i386 -L/home/slobe/senob/libc/build-newlib/i686-elf/libgloss/libnosys -L/home/slobe/senob/libc/newlib-4.5.0/libgloss/i386    -c conftest.c -o conftest2.o
configure:4217: $? = 0
configure:4229: result: yes
configure:4257: checking for style of include used by make
configure:4285: result: GNU
configure:4311: checking dependency style of i686-elf-gcc -B/home/slobe/senob/libc/build-newlib/i686-elf/newlib/ -isystem /home/slobe/senob/libc/build-newlib/i686-elf/newlib/targ-include -isystem /home/slobe/senob/libc/newlib-4.5.0/newlib/libc/include -B/home/slobe/senob/libc/build-newlib/i686-elf/libgloss/i386 -L/home/slobe/senob/libc/build-newlib/i686-elf/libgloss/libnosys -L/home/slobe/senob/libc/newlib-4.5.0/libgloss/i386   
configure:4422: result: gcc3
configure:4446: checking dependency style of i686-elf-gcc -B/home/slobe/senob/libc/build-newlib/i686-elf/newlib/ -isystem /home/slobe/senob/libc/build-newlib/i686-elf/newlib/targ-include -isystem /home/slobe/senob/libc/newlib-4.5.0/newlib/libc/include -B/home/slobe/senob/libc/build-newlib/i686-elf/libgloss/i386 -L/home/slobe/senob/libc/build-newlib/i686-elf/libgloss/libnosys -L/home/slobe/senob/libc/newlib-4.5.0/libgloss/i386   
configure:4555: result: gcc3
configure:4576: checking for i686-elf-ar
configure:4603: result: i686-elf-ar
configure:4673: checking the archiver (i686-elf-ar) interface
configure:4689: i686-elf-gcc -B/home/slobe/senob/libc/build-newlib/i686-elf/newlib/ -isystem /home/slobe/senob/libc/build-newlib/i686-elf/newlib/targ-include -isystem /home/slobe/senob/libc/newlib-4.5.0/newlib/libc/include -B/home/slobe/senob/libc/build-newlib/i686-elf/libgloss/i386 -L/home/slobe/senob/libc/build-newlib/i686-elf/libgloss/libnosys -L/home/slobe/senob/libc/newlib-4.5.0/libgloss/i386    -c -g -O2  conftest.c >&5
configure:4689: $? = 0
configure:4691: i686-elf-ar cru libconftest.a conftest.o >&5
configure:4694: $? = 0
configure:4722: result: ar
configure:4747: checking for i686-elf-ranlib
configure:4774: result: i686-elf-ranlib
configure:4839: checking for i686-elf-objcopy
configure:4866: result: i686-elf-objcopy
configure:4931: checking for i686-elf-objdump
configure:4958: result: i686-elf-objdump
configure:5030: checking how to run the C preprocessor
configure:5061: i686-elf-gcc -B/home/slobe/senob/libc/build-newlib/i686-elf/newlib/ -isystem /home/slobe/senob/libc/build-newlib/i686-elf/newlib/targ-include -isystem /home/slobe/senob/libc/newlib-4.5.0/newlib/libc/include -B/home/slobe/senob/libc/build-newlib/i686-elf/libgloss/i386 -L/home/slobe/senob/libc/build-newlib/i686-elf/libgloss/libnosys -L/home/slobe/senob/libc/newlib-4.5.0/libgloss/i386    -E  conftest.c
configure:5061: $? = 0
configure:5075: i686-elf-gcc -B/home/slobe/senob/libc/build-newlib/i686-elf/newlib/ -isystem /home/slobe/senob/libc/build-newlib/i686-elf/newlib/targ-include -isystem /home/slobe/senob/libc/newlib-4.5.0/newlib/libc/include -B/home/slobe/senob/libc/build-newlib/i686-elf/libgloss/i386 -L/home/slobe/senob/libc/build-newlib/i686-elf/libgloss/libnosys -L/home/slobe/senob/libc/newlib-4.5.0/libgloss/i386    -E  conftest.c
conftest.c:10:10: fatal error: ac_nonexistent.h: No such file or directory
   10 | #include <ac_nonexistent.h>
      |          ^~~~~~~~~~~~~~~~~~
compilation terminated.
configure:5075: $? = 1
configure: failed program was:
| /* confdefs.h */
| #define PACKAGE_NAME "libgloss"
| #define PACKAGE_TARNAME "libgloss"
| #define PACKAGE_VERSION "LIBGLOSS_VERSION"
| #define PACKAGE_STRING "libgloss LIBGLOSS_VERSION"
| #define PACKAGE_BUGREPORT ""
| #define PACKAGE_URL ""
| #define HAVE_GNU_LD 1
| /* end confdefs.h.  */
| #include <ac_nonexistent.h>
configure:5100: result: i686-elf-gcc -B/home/slobe/senob/libc/build-newlib/i686-elf/newlib/ -isystem /home/slobe/senob/libc/build-newlib/i686-elf/newlib/targ-include -isystem /home/slobe/senob/libc/newlib-4.5.0/newlib/libc/include -B/home/slobe/senob/libc/build-newlib/i686-elf/libgloss/i386 -L/home/slobe/senob/libc/build-newlib/i686-elf/libgloss/libnosys -L/home/slobe/senob/libc/newlib-4.5.0/libgloss/i386    -E
configure:5120: i686-elf-gcc -B/home/slobe/senob/libc/build-newlib/i686-elf/newlib/ -isystem /home/slobe/senob/libc/build-newlib/i686-elf/newlib/targ-include -isystem /home/slobe/senob/libc/newlib-4.5.0/newlib/libc/include -B/home/slobe/senob/libc/build-newlib/i686-elf/libgloss/i386 -L/home/slobe/senob/libc/build-newlib/i686-elf/libgloss/libnosys -L/home/slobe/senob/libc/newlib-4.5.0/libgloss/i386    -E  conftest.c
configure:5120: $? = 0
configure:5134: i686-elf-gcc -B/home/slobe/senob/libc/build-newlib/i686-elf/newlib/ -isystem /home/slobe/senob/libc/build-newlib/i686-elf/newlib/targ-include -isystem /home/slobe/senob/libc/newlib-4.5.0/newlib/libc/include -B/home/slobe/senob/libc/build-newlib/i686-elf/libgloss/i386 -L/home/slobe/senob/libc/build-newlib/i686-elf/libgloss/libnosys -L/home/slobe/senob/libc/newlib-4.5.0/libgloss/i386    -E  conftest.c
conftest.c:10:10: fatal error: ac_nonexistent.h: No such file or directory
   10 | #include <ac_nonexistent.h>
      |          ^~~~~~~~~~~~~~~~~~
compilation terminated.
configure:5134: $? = 1
configure: failed program was:
| /* confdefs.h */
| #define PACKAGE_NAME "libgloss"
| #define PACKAGE_TARNAME "libgloss"
| #define PACKAGE_VERSION "LIBGLOSS_VERSION"
| #define PACKAGE_STRING "libgloss LIBGLOSS_VERSION"
| #define PACKAGE_BUGREPORT ""
| #define PACKAGE_URL ""
| #define HAVE_GNU_LD 1
| /* end confdefs.h.  */
| #include <ac_nonexistent.h>
configure:5163: checking if target is ELF
configure:5182: i686-elf-gcc -B/home/slobe/senob/libc/build-newlib/i686-elf/newlib/ -isystem /home/slobe/senob/libc/build-newlib/i686-elf/newlib/targ-include -isystem /home/slobe/senob/libc/newlib-4.5.0/newlib/libc/include -B/home/slobe/senob/libc/build-newlib/i686-elf/libgloss/i386 -L/home/slobe/senob/libc/build-newlib/i686-elf/libgloss/libnosys -L/home/slobe/senob/libc/newlib-4.5.0/libgloss/i386    -E  conftest.c
configure:5182: $? = 0
configure:5190: result: yes
configure:5198: checking for .previous assembler directive
configure:5209: i686-elf-gcc -B/home/slobe/senob/libc/build-newlib/i686-elf/newlib/ -isystem /home/slobe/senob/libc/build-newlib/i686-elf/newlib/targ-include -isystem /home/slobe/senob/libc/newlib-4.5.0/newlib/libc/include -B/home/slobe/senob/libc/build-newlib/i686-elf/libgloss/i386 -L/home/slobe/senob/libc/build-newlib/i686-elf/libgloss/libnosys -L/home/slobe/senob/libc/newlib-4.5.0/libgloss/i386    -c -g -O2 conftest.s 1>&5
configure:5212: $? = 0
configure:5218: result: yes
configure:5226: checking for .popsection assembler directive
configure:5237: i686-elf-gcc -B/home/slobe/senob/libc/build-newlib/i686-elf/newlib/ -isystem /home/slobe/senob/libc/build-newlib/i686-elf/newlib/targ-include -isystem /home/slobe/senob/libc/newlib-4.5.0/newlib/libc/include -B/home/slobe/senob/libc/build-newlib/i686-elf/libgloss/i386 -L/home/slobe/senob/libc/build-newlib/i686-elf/libgloss/libnosys -L/home/slobe/senob/libc/newlib-4.5.0/libgloss/i386    -c -g -O2 conftest.s 1>&5
configure:5240: $? = 0
configure:5246: result: yes
configure:5254: checking for section attributes
configure:5265: i686-elf-gcc -B/home/slobe/senob/libc/build-newlib/i686-elf/newlib/ -isystem /home/slobe/senob/libc/build-newlib/i686-elf/newlib/targ-include -isystem /home/slobe/senob/libc/newlib-4.5.0/newlib/libc/include -B/home/slobe/senob/libc/build-newlib/i686-elf/libgloss/i386 -L/home/slobe/senob/libc/build-newlib/i686-elf/libgloss/libnosys -L/home/slobe/senob/libc/newlib-4.5.0/libgloss/i386    -c -g -O2 conftest.c 1>&5
configure:5268: $? = 0
configure:5274: result: yes
configure:5282: checking for symbol prefix
configure:5292: i686-elf-gcc -B/home/slobe/senob/libc/build-newlib/i686-elf/newlib/ -isystem /home/slobe/senob/libc/build-newlib/i686-elf/newlib/targ-include -isystem /home/slobe/senob/libc/newlib-4.5.0/newlib/libc/include -B/home/slobe/senob/libc/build-newlib/i686-elf/libgloss/i386 -L/home/slobe/senob/libc/build-newlib/i686-elf/libgloss/libnosys -L/home/slobe/senob/libc/newlib-4.5.0/libgloss/i386    -S conftest.c -o - | fgrep $foo > /dev/null
conftest.c:1:1: error: return type defaults to 'int' [-Wimplicit-int]
    1 | foo () { }
      | ^~~
configure:5295: $? = 1
configure:5300: i686-elf-gcc -B/home/slobe/senob/libc/build-newlib/i686-elf/newlib/ -isystem /home/slobe/senob/libc/build-newlib/i686-elf/newlib/targ-include -isystem /home/slobe/senob/libc/newlib-4.5.0/newlib/libc/include -B/home/slobe/senob/libc/build-newlib/i686-elf/libgloss/i386 -L/home/slobe/senob/libc/build-newlib/i686-elf/libgloss/libnosys -L/home/slobe/senob/libc/newlib-4.5.0/libgloss/i386    -S conftest.c -o - | fgrep _foo > /dev/null
conftest.c:1:1: error: return type defaults to 'int' [-Wimplicit-int]
    1 | foo () { }
      | ^~~
configure:5303: $? = 1
configure:5310: result: 
configure:5601: checking for compiler search settings
configure:5617: result:  -isystem /home/slobe/opt/cross/lib/gcc/i686-elf/14.2.0/include -isystem /home/slobe/opt/cross/lib/gcc/i686-elf/14.2.0/include-fixed
configure:5728: updating cache ./config.cache
configure:5776: checking that generated files are newer than configure
configure:5782: result: done
configure:6017: creating ./config.status

## ---------------------- ##
## Running config.status. ##
## ---------------------- ##

This file was extended by libgloss config.status LIBGLOSS_VERSION, which was
generated by GNU Autoconf 2.69.  Invocation command line was

  CONFIG_FILES    = 
  CONFIG_HEADERS  = 
  CONFIG_LINKS    = 
  CONFIG_COMMANDS = 
  $ ./config.status 

on Desktop-Nils

config.status:1054: creating Makefile
config.status:1054: creating config.h
config.status:1273: executing depfiles commands
config.status:1273: executing default-1 commands
config.status:1273: executing default-2 commands

## ---------------- ##
## Cache variables. ##
## ---------------- ##

ac_cv_build=x86_64-pc-linux-gnu
ac_cv_c_compiler_gnu=yes
ac_cv_env_CCASFLAGS_set=
ac_cv_env_CCASFLAGS_value=
ac_cv_env_CCAS_set=
ac_cv_env_CCAS_value=
ac_cv_env_CC_set=set
ac_cv_env_CC_value='i686-elf-gcc -B/home/slobe/senob/libc/build-newlib/i686-elf/newlib/ -isystem /home/slobe/senob/libc/build-newlib/i686-elf/newlib/targ-include -isystem /home/slobe/senob/libc/newlib-4.5.0/newlib/libc/include -B/home/slobe/senob/libc/build-newlib/i686-elf/libgloss/i386 -L/home/slobe/senob/libc/build-newlib/i686-elf/libgloss/libnosys -L/home/slobe/senob/libc/newlib-4.5.0/libgloss/i386   '
ac_cv_env_CFLAGS_set=set
ac_cv_env_CFLAGS_value='-g -O2'
ac_cv_env_CPPFLAGS_set=set
ac_cv_env_CPPFLAGS_value=
ac_cv_env_CPP_set=
ac_cv_env_CPP_value=
ac_cv_env_LDFLAGS_set=set
ac_cv_env_LDFLAGS_value=
ac_cv_env_LIBS_set=
ac_cv_env_LIBS_value=
ac_cv_env_build_alias_set=set
ac_cv_env_build_alias_value=x86_64-pc-linux-gnu
ac_cv_env_host_alias_set=set
ac_cv_env_host_alias_value=i686-elf
ac_cv_env_target_alias_set=set
ac_cv_env_target_alias_value=i686-elf
ac_cv_host=i686-pc-elf
ac_cv_objext=o
ac_cv_path_mkdir=/usr/bin/mkdir
ac_cv_prog_AR=i686-elf-ar
ac_cv_prog_AWK=gawk
ac_cv_prog_CC='i686-elf-gcc -B/home/slobe/senob/libc/build-newlib/i686-elf/newlib/ -isystem /home/slobe/senob/libc/build-newlib/i686-elf/newlib/targ-include -isystem /home/slobe/senob/libc/newlib-4.5.0/newlib/libc/include -B/home/slobe/senob/libc/build-newlib/i686-elf/libgloss/i386 -L/home/slobe/senob/libc/build-newlib/i686-elf/libgloss/libnosys -L/home/slobe/senob/libc/newlib-4.5.0/libgloss/i386   '
ac_cv_prog_CPP='i686-elf-gcc -B/home/slobe/senob/libc/build-newlib/i686-elf/newlib/ -isystem /home/slobe/senob/libc/build-newlib/i686-elf/newlib/targ-include -isystem /home/slobe/senob/libc/newlib-4.5.0/newlib/libc/include -B/home/slobe/senob/libc/build-newlib/i686-elf/libgloss/i386 -L/home/slobe/senob/libc/build-newlib/i686-elf/libgloss/libnosys -L/home/slobe/senob/libc/newlib-4.5.0/libgloss/i386    -E'
ac_cv_prog_OBJCOPY=i686-elf-objcopy
ac_cv_prog_OBJDUMP=i686-elf-objdump
ac_cv_prog_RANLIB=i686-elf-ranlib
ac_cv_prog_STRIP=i686-elf-strip
ac_cv_prog_cc_c89=
ac_cv_prog_cc_g=yes
ac_cv_prog_make_make_set=yes
ac_cv_target=i686-pc-elf
am_cv_CCAS_dependencies_compiler_type=gcc3
am_cv_CC_dependencies_compiler_type=gcc3
am_cv_ar_interface=ar
am_cv_make_support_nested_variables=yes
am_cv_prog_cc_c_o=yes
libc_cv_asm_popsection_directive=yes
libc_cv_asm_previous_directive=yes
libc_cv_compiler_isystem=' -isystem /home/slobe/opt/cross/lib/gcc/i686-elf/14.2.0/include -isystem /home/slobe/opt/cross/lib/gcc/i686-elf/14.2.0/include-fixed'
libc_cv_is_elf=yes
libc_cv_section_attributes=yes
libc_cv_symbol_prefix=

## ----------------- ##
## Output variables. ##
## ----------------- ##

AARCH64_OBJTYPE='elf-'
ACLOCAL='${SHELL} /home/slobe/senob/libc/newlib-4.5.0/missing aclocal-1.15'
AMDEPBACKSLASH='\'
AMDEP_FALSE='#'
AMDEP_TRUE=''
AMTAR='$${TAR-tar}'
AM_BACKSLASH='\'
AM_DEFAULT_V='$(AM_DEFAULT_VERBOSITY)'
AM_DEFAULT_VERBOSITY='0'
AM_V='$(V)'
AR='i686-elf-ar'
ARM_OBJTYPE='elf-'
AUTOCONF='${SHELL} /home/slobe/senob/libc/newlib-4.5.0/missing autoconf'
AUTOHEADER='${SHELL} /home/slobe/senob/libc/newlib-4.5.0/missing autoheader'
AUTOMAKE='${SHELL} /home/slobe/senob/libc/newlib-4.5.0/missing automake-1.15'
AWK='gawk'
CC='i686-elf-gcc -B/home/slobe/senob/libc/build-newlib/i686-elf/newlib/ -isystem /home/slobe/senob/libc/build-newlib/i686-elf/newlib/targ-include -isystem /home/slobe/senob/libc/newlib-4.5.0/newlib/libc/include -B/home/slobe/senob/libc/build-newlib/i686-elf/libgloss/i386 -L/home/slobe/senob/libc/build-newlib/i686-elf/libgloss/libnosys -L/home/slobe/senob/libc/newlib-4.5.0/libgloss/i386    -nostdinc  -isystem /home/slobe/opt/cross/lib/gcc/i686-elf/14.2.0/include -isystem /home/slobe/opt/cross/lib/gcc/i686-elf/14.2.0/include-fixed'
CCAS='i686-elf-gcc -B/home/slobe/senob/libc/build-newlib/i686-elf/newlib/ -isystem /home/slobe/senob/libc/build-newlib/i686-elf/newlib/targ-include -isystem /home/slobe/senob/libc/newlib-4.5.0/newlib/libc/include -B/home/slobe/senob/libc/build-newlib/i686-elf/libgloss/i386 -L/home/slobe/senob/libc/build-newlib/i686-elf/libgloss/libnosys -L/home/slobe/senob/libc/newlib-4.5.0/libgloss/i386   '
CCASDEPMODE='depmode=gcc3'
CCASFLAGS='-g -O2'
CCDEPMODE='depmode=gcc3'
CFLAGS='-g -O2'
CONFIG_AARCH64_FALSE=''
CONFIG_AARCH64_TRUE='#'
CONFIG_ARC64_FALSE=''
CONFIG_ARC64_TRUE='#'
CONFIG_ARC_FALSE=''
CONFIG_ARC_TRUE='#'
CONFIG_ARM_FALSE=''
CONFIG_ARM_TRUE='#'
CONFIG_BFIN_FALSE=''
CONFIG_BFIN_TRUE='#'
CONFIG_CR16_FALSE=''
CONFIG_CR16_TRUE='#'
CONFIG_CSKY_FALSE=''
CONFIG_CSKY_TRUE='#'
CONFIG_D30V_FALSE=''
CONFIG_D30V_TRUE='#'
CONFIG_EPIPHANY_FALSE=''
CONFIG_EPIPHANY_TRUE='#'
CONFIG_FR30_FALSE=''
CONFIG_FR30_TRUE='#'
CONFIG_FRV_FALSE=''
CONFIG_FRV_TRUE='#'
CONFIG_FT32_FALSE=''
CONFIG_FT32_TRUE='#'
CONFIG_I386_FALSE='#'
CONFIG_I386_TRUE=''
CONFIG_I960_FALSE=''
CONFIG_I960_TRUE='#'
CONFIG_IQ2000_FALSE=''
CONFIG_IQ2000_TRUE='#'
CONFIG_LIBNOSYS_FALSE='#'
CONFIG_LIBNOSYS_TRUE=''
CONFIG_LM32_FALSE=''
CONFIG_LM32_TRUE='#'
CONFIG_M32R_FALSE=''
CONFIG_M32R_TRUE='#'
CONFIG_MCORE_FALSE=''
CONFIG_MCORE_TRUE='#'
CONFIG_MICROBLAZE_FALSE=''
CONFIG_MICROBLAZE_TRUE='#'
CONFIG_MN10200_FALSE=''
CONFIG_MN10200_TRUE='#'
CONFIG_MN10300_FALSE=''
CONFIG_MN10300_TRUE='#'
CONFIG_MOXIE_FALSE=''
CONFIG_MOXIE_TRUE='#'
CONFIG_MSP430_FALSE=''
CONFIG_MSP430_TRUE='#'
CONFIG_NDS32_FALSE=''
CONFIG_NDS32_TRUE='#'
CONFIG_NIOS2_FALSE=''
CONFIG_NIOS2_TRUE='#'
CONFIG_OR1K_FALSE=''
CONFIG_OR1K_TRUE='#'
CONFIG_PRU_FALSE=''
CONFIG_PRU_TRUE='#'
CONFIG_RISCV_FALSE=''
CONFIG_RISCV_TRUE='#'
CONFIG_RL78_FALSE=''
CONFIG_RL78_TRUE='#'
CONFIG_RX_FALSE=''
CONFIG_RX_TRUE='#'
CONFIG_SPARC_FALSE=''
CONFIG_SPARC_LEON_FALSE=''
CONFIG_SPARC_LEON_TRUE='#'
CONFIG_SPARC_TRUE='#'
CONFIG_TIC6X_FALSE=''
CONFIG_TIC6X_TRUE='#'
CONFIG_V850_FALSE=''
CONFIG_V850_TRUE='#'
CONFIG_VISIUM_FALSE=''
CONFIG_VISIUM_TRUE='#'
CONFIG_WINCE_FALSE=''
CONFIG_WINCE_TRUE='#'
CONFIG_XSTORMY16_FALSE=''
CONFIG_XSTORMY16_TRUE='#'
CONFIG_XTENSA_FALSE=''
CONFIG_XTENSA_TRUE='#'
CPP='i686-elf-gcc -B/home/slobe/senob/libc/build-newlib/i686-elf/newlib/ -isystem /home/slobe/senob/libc/build-newlib/i686-elf/newlib/targ-include -isystem /home/slobe/senob/libc/newlib-4.5.0/newlib/libc/include -B/home/slobe/senob/libc/build-newlib/i686-elf/libgloss/i386 -L/home/slobe/senob/libc/build-newlib/i686-elf/libgloss/libnosys -L/home/slobe/senob/libc/newlib-4.5.0/libgloss/i386    -E'
CPPFLAGS=''
CYGPATH_W='echo'
DEFS='-DHAVE_CONFIG_H'
DEPDIR='.deps'
ECHO_C=''
ECHO_N='-n'
ECHO_T=''
EXEEXT=''
HAVE_DOC_FALSE='#'
HAVE_DOC_TRUE=''
HAVE_MULTISUBDIR_FALSE=''
HAVE_MULTISUBDIR_TRUE='#'
HAVE_XTENSA_BOARD_ESP32S3_FALSE=''
HAVE_XTENSA_BOARD_ESP32S3_TRUE='#'
HAVE_XTENSA_BOARD_ESP32_FALSE=''
HAVE_XTENSA_BOARD_ESP32_TRUE='#'
HAVE_XTENSA_BOARD_ESP_FALSE=''
HAVE_XTENSA_BOARD_ESP_TRUE='#'
I386_CPPFLAGS=''
INSTALL_DATA='/usr/bin/install -c -m 644'
INSTALL_PROGRAM='/usr/bin/install -c'
INSTALL_SCRIPT='/usr/bin/install -c'
INSTALL_STRIP_PROGRAM='$(install_sh) -c -s'
LD='i686-elf-ld'
LDFLAGS=''
LIBOBJS=''
LIBS=''
LTLIBOBJS=''
M68K_TARGET='m68k'
MAINT='#'
MAINTAINER_MODE_FALSE=''
MAINTAINER_MODE_TRUE='#'
MAKEINFO='makeinfo --split-size=5000000'
MAY_SUPPLY_SYSCALLS_FALSE='#'
MAY_SUPPLY_SYSCALLS_TRUE=''
MCORE_BUILD_ELF_FALSE=''
MCORE_BUILD_ELF_TRUE='#'
MCORE_BUILD_PE_FALSE=''
MCORE_BUILD_PE_TRUE='#'
MIPS_BSP_LIST=''
MIPS_CRT0='crt0.o'
MIPS_PART_SPECIFIC_DEFINES=''
MIPS_PART_SPECIFIC_OBJ=''
MIPS_SCRIPT_LIST=''
MKDIR_P='/usr/bin/mkdir -p'
MN10300_BUILD_LIBCYGMON_FALSE=''
MN10300_BUILD_LIBCYGMON_TRUE='#'
MOXIE_BUILD_CRT0_FALSE='#'
MOXIE_BUILD_CRT0_TRUE=''
OBJCOPY='i686-elf-objcopy'
OBJDUMP='i686-elf-objdump'
OBJEXT='o'
PACKAGE='libgloss'
PACKAGE_BUGREPORT=''
PACKAGE_NAME='libgloss'
PACKAGE_STRING='libgloss LIBGLOSS_VERSION'
PACKAGE_TARNAME='libgloss'
PACKAGE_URL=''
PACKAGE_VERSION='LIBGLOSS_VERSION'
PATH_SEPARATOR=':'
RANLIB='i686-elf-ranlib'
SET_MAKE=''
SHELL='/bin/bash'
SPARC_BUILD_CYGMON_FALSE='#'
SPARC_BUILD_CYGMON_TRUE=''
SPARC_BUILD_SLITE_FALSE=''
SPARC_BUILD_SLITE_TRUE='#'
SPARC_BUILD_SPLET_FALSE=''
SPARC_BUILD_SPLET_TRUE='#'
SPARC_CPU='SPARC'
SPARC_CYGMONLDSCRIPTTEMPL='cygmon.ld.src'
STRIP='i686-elf-strip'
VERSION='LIBGLOSS_VERSION'
XTENSA_BOARD_ESP='unknown'
ac_ct_AR=''
ac_ct_CC=''
am__EXEEXT_FALSE=''
am__EXEEXT_TRUE='#'
am__fastdepCCAS_FALSE='#'
am__fastdepCCAS_TRUE=''
am__fastdepCC_FALSE='#'
am__fastdepCC_TRUE=''
am__include='include'
am__isrc=' -I$(srcdir)'
am__leading_dot='.'
am__nodep='_no'
am__quote=''
am__tar='$${TAR-tar} chof - "$$tardir"'
am__untar='$${TAR-tar} xf -'
bindir='${exec_prefix}/bin'
build='x86_64-pc-linux-gnu'
build_alias='x86_64-pc-linux-gnu'
build_cpu='x86_64'
build_os='linux-gnu'
build_vendor='pc'
datadir='${datarootdir}'
datarootdir='${prefix}/share'
docdir='${datarootdir}/doc/${PACKAGE_TARNAME}'
dvidir='${docdir}'
exec_prefix='${prefix}'
host='i686-pc-elf'
host_alias='i686-elf'
host_cpu='i686'
host_makefile_frag_path='../../../newlib-4.5.0/libgloss/config/default.mh'
host_os='elf'
host_vendor='pc'
htmldir='${docdir}'
includedir='${prefix}/include'
infodir='${datarootdir}/info'
install_sh='${SHELL} /home/slobe/senob/libc/newlib-4.5.0/install-sh'
libdir='${exec_prefix}/lib'
libexecdir='${exec_prefix}/libexec'
localedir='${datarootdir}/locale'
localstatedir='${prefix}/var'
mandir='${datarootdir}/man'
mkdir_p='$(MKDIR_P)'
multi_basedir='../../../newlib-4.5.0/libgloss/..'
oldincludedir='/usr/include'
pdfdir='${docdir}'
prefix='/home/slobe/opt/cross'
program_transform_name='s&^&i686-elf-&'
psdir='${docdir}'
sbindir='${exec_prefix}/sbin'
sharedstatedir='${prefix}/com'
subdirs=''
sysconfdir='${prefix}/etc'
target='i686-pc-elf'
target_alias='i686-elf'
target_cpu='i686'
target_makefile_frag_path='../../../newlib-4.5.0/libgloss/config/default.mt'
target_os='elf'
target_vendor='pc'

## ------------------- ##
## File substitutions. ##
## ------------------- ##

host_makefile_frag='../../../newlib-4.5.0/libgloss/config/default.mh'
target_makefile_frag='../../../newlib-4.5.0/libgloss/config/default.mt'

## ----------- ##
## confdefs.h. ##
## ----------- ##

/* confdefs.h */
#define PACKAGE_NAME "libgloss"
#define PACKAGE_TARNAME "libgloss"
#define PACKAGE_VERSION "LIBGLOSS_VERSION"
#define PACKAGE_STRING "libgloss LIBGLOSS_VERSION"
#define PACKAGE_BUGREPORT ""
#define PACKAGE_URL ""
#define HAVE_GNU_LD 1
#define HAVE_ELF 1
#define HAVE_ASM_PREVIOUS_DIRECTIVE 1
#define HAVE_ASM_POPSECTION_DIRECTIVE 1
#define HAVE_SECTION_ATTRIBUTES 1
#define __SYMBOL_PREFIX ""
#define MISSING_SYSCALL_NAMES 1

configure: exit 0
